2025-09-20T15:12:16: 
> frontend@0.1.0 start
> next start

2025-09-20T15:12:16: 2025-09-20T15:12:16: 
> frontend@0.1.0 start
> next start

2025-09-20T15:12:17: 2025-09-20T15:12:17: 
> frontend@0.1.0 start
> next start

2025-09-20T15:12:17: 2025-09-20T15:12:17: 
> frontend@0.1.0 start
> next start

2025-09-20T15:12:17: 2025-09-20T15:12:17: 
> frontend@0.1.0 start
> next start

2025-09-20T15:12:18: 2025-09-20T15:12:18: 
> frontend@0.1.0 start
> next start

2025-09-20T15:12:18: 2025-09-20T15:12:18: 2025-09-20T15:12:18: 
> frontend@0.1.0 start
> next start

2025-09-20T15:12:18: 2025-09-20T15:12:18: 
> frontend@0.1.0 start
> next start

2025-09-20T15:12:19: 2025-09-20T15:12:19: 
> frontend@0.1.0 start
> next start

2025-09-20T15:12:19: 2025-09-20T15:12:19: 2025-09-20T15:12:19: 
> frontend@0.1.0 start
> next start

2025-09-20T15:12:20: 2025-09-20T15:12:20: 2025-09-20T15:12:20: 
> frontend@0.1.0 start
> next start

2025-09-20T15:12:20: 2025-09-20T15:12:20: 
> frontend@0.1.0 start
> next start

2025-09-20T15:12:20: 2025-09-20T15:12:20: 
> frontend@0.1.0 start
> next start

2025-09-20T15:12:21: 2025-09-20T15:12:21: 
> frontend@0.1.0 start
> next start

2025-09-20T15:12:21: 2025-09-20T15:12:21: 
> frontend@0.1.0 start
> next start

2025-09-20T15:12:21: 2025-09-20T15:12:21: 
> frontend@0.1.0 start
> next start

2025-09-20T15:12:22: 